

==============================
project /home/ubuntu/Documents/Final_Work_Model/ModelParkingSystem/LotParkingSystem.rdp
28/08/14 at 09:24 : Simulation started
28/08/14 at 09:25 : control part started
28/08/14 at 09:25 : module 'Testbench_InAndOut_Total' testcase 'tc_initialization' verdict 'pass'
                    control part verdict 'pass'
28/08/14 at 09:25 : module 'Testbench_InAndOut_Total' testcase 'tc_CreationCtrl' verdict 'pass'
                    control part verdict 'pass'
28/08/14 at 09:25 : module 'Testbench_InAndOut_Total' testcase 'tc_CreationZone' verdict 'pass'
                    control part verdict 'pass'
28/08/14 at 09:25 : module 'Testbench_InAndOut_Total' testcase 'tc_CreationZone' verdict 'pass'
                    control part verdict 'pass'
28/08/14 at 09:25 : module 'Testbench_InAndOut_Total' testcase 'tc_CreationZone' verdict 'pass'
                    control part verdict 'pass'
28/08/14 at 09:25 : simulation stopped
28/08/14 at 09:25 : simulation ended


==============================
project /home/ubuntu/Documents/Final_Work_Model/ModelParkingSystem/LotParkingSystem.rdp
28/08/14 at 09:28 : Simulation started
28/08/14 at 09:28 : control part started
28/08/14 at 09:28 : module 'Testbench_EntryNOutCarSystem' testcase 'tc_initialization' verdict 'pass'
                    control part verdict 'pass'
28/08/14 at 09:28 : module 'Testbench_EntryNOutCarSystem' testcase 'tc_CreationCtrl' verdict 'pass'
                    control part verdict 'pass'
28/08/14 at 09:28 : module 'Testbench_EntryNOutCarSystem' testcase 'tc_CreationZone' verdict 'pass'
                    control part verdict 'pass'
28/08/14 at 09:28 : module 'Testbench_EntryNOutCarSystem' testcase 'tc_CreationZone' verdict 'pass'
                    control part verdict 'pass'
28/08/14 at 09:28 : module 'Testbench_EntryNOutCarSystem' testcase 'tc_CreationZone' verdict 'pass'
                    control part verdict 'pass'
28/08/14 at 09:28 : module 'Testbench_EntryNOutCarSystem' testcase 'tc_EntryCar' verdict 'pass'
                    control part verdict 'pass'
28/08/14 at 09:28 : module 'Testbench_EntryNOutCarSystem' testcase 'tc_EntryCar' verdict 'pass'
                    control part verdict 'pass'
28/08/14 at 09:28 : module 'Testbench_EntryNOutCarSystem' testcase 'tc_EntryCar' verdict 'pass'
                    control part verdict 'pass'
28/08/14 at 09:28 : module 'Testbench_EntryNOutCarSystem' testcase 'tc_EntryCar' verdict 'pass'
                    control part verdict 'pass'
28/08/14 at 09:28 : module 'Testbench_EntryNOutCarSystem' testcase 'tc_EntryCar' verdict 'pass'
                    control part verdict 'pass'
28/08/14 at 09:28 : module 'Testbench_EntryNOutCarSystem' testcase 'tc_OutCar' verdict 'pass'
                    control part verdict 'pass'
28/08/14 at 09:28 : module 'Testbench_EntryNOutCarSystem' testcase 'tc_EntryCar' verdict 'pass'
                    control part verdict 'pass'
28/08/14 at 09:28 : module 'Testbench_EntryNOutCarSystem' testcase 'tc_EntryCar' verdict 'pass'
                    control part verdict 'pass'
28/08/14 at 09:28 : module 'Testbench_EntryNOutCarSystem' testcase 'tc_OutCar' verdict 'pass'
                    control part verdict 'pass'
28/08/14 at 09:28 : module 'Testbench_EntryNOutCarSystem' testcase 'tc_EntryCar' verdict 'pass'
                    control part verdict 'pass'
28/08/14 at 09:28 : module 'Testbench_EntryNOutCarSystem' testcase 'tc_EntryCar' verdict 'pass'
                    control part verdict 'pass'
28/08/14 at 09:28 : module 'Testbench_EntryNOutCarSystem' testcase 'tc_EntryCar' verdict 'pass'
                    control part verdict 'pass'
28/08/14 at 09:28 : module 'Testbench_EntryNOutCarSystem' testcase 'tc_EntryCar' verdict 'pass'
                    control part verdict 'pass'
28/08/14 at 09:28 : module 'Testbench_EntryNOutCarSystem' testcase 'tc_EntryCar' verdict 'pass'
                    control part verdict 'pass'
28/08/14 at 09:28 : module 'Testbench_EntryNOutCarSystem' testcase 'tc_EntryCar' verdict 'pass'
                    control part verdict 'pass'
28/08/14 at 09:28 : module 'Testbench_EntryNOutCarSystem' testcase 'tc_EntryCar' verdict 'pass'
                    control part verdict 'pass'
28/08/14 at 09:28 : module 'Testbench_EntryNOutCarSystem' testcase 'tc_EntryCar' verdict 'pass'
                    control part verdict 'pass'
28/08/14 at 09:28 : module 'Testbench_EntryNOutCarSystem' testcase 'tc_EntryCar' verdict 'pass'
                    control part verdict 'pass'
28/08/14 at 09:28 : module 'Testbench_EntryNOutCarSystem' testcase 'tc_EntryCar' verdict 'pass'
                    control part verdict 'pass'
28/08/14 at 09:28 : module 'Testbench_EntryNOutCarSystem' testcase 'tc_EntryCar' verdict 'pass'
                    control part verdict 'pass'
28/08/14 at 09:28 : module 'Testbench_EntryNOutCarSystem' testcase 'tc_EntryCar' verdict 'pass'
                    control part verdict 'pass'
28/08/14 at 09:28 : module 'Testbench_EntryNOutCarSystem' testcase 'tc_EntryCar' verdict 'pass'
                    control part verdict 'pass'
28/08/14 at 09:28 : module 'Testbench_EntryNOutCarSystem' testcase 'tc_EntryCar' verdict 'pass'
                    control part verdict 'pass'
28/08/14 at 09:28 : module 'Testbench_EntryNOutCarSystem' testcase 'tc_EntryCar' verdict 'pass'
                    control part verdict 'pass'
28/08/14 at 09:28 : module 'Testbench_EntryNOutCarSystem' testcase 'tc_EntryCar' verdict 'pass'
                    control part verdict 'pass'
28/08/14 at 09:28 : module 'Testbench_EntryNOutCarSystem' testcase 'tc_EntryCar' verdict 'pass'
                    control part verdict 'pass'
28/08/14 at 09:28 : module 'Testbench_EntryNOutCarSystem' testcase 'tc_EntryCar' verdict 'pass'
                    control part verdict 'pass'
28/08/14 at 09:28 : module 'Testbench_EntryNOutCarSystem' testcase 'tc_EntryCar' verdict 'pass'
                    control part verdict 'pass'
28/08/14 at 09:28 : module 'Testbench_EntryNOutCarSystem' testcase 'tc_OutCar' verdict 'pass'
                    control part verdict 'pass'
28/08/14 at 09:28 : module 'Testbench_EntryNOutCarSystem' testcase 'tc_OutCar' verdict 'pass'
                    control part verdict 'pass'
28/08/14 at 09:28 : module 'Testbench_EntryNOutCarSystem' testcase 'tc_EntryCar' verdict 'pass'
                    control part verdict 'pass'
28/08/14 at 09:28 : module 'Testbench_EntryNOutCarSystem' testcase 'tc_EntryCar' verdict 'pass'
                    control part verdict 'pass'
28/08/14 at 09:28 : module 'Testbench_EntryNOutCarSystem' testcase 'tc_EntryCar' verdict 'pass'
                    control part verdict 'pass'
28/08/14 at 09:28 : module 'Testbench_EntryNOutCarSystem' testcase 'tc_EntryCar' verdict 'pass'
                    control part verdict 'pass'
28/08/14 at 09:28 : module 'Testbench_EntryNOutCarSystem' testcase 'tc_EntryCar' verdict 'pass'
                    control part verdict 'pass'
28/08/14 at 09:28 : module 'Testbench_EntryNOutCarSystem' testcase 'tc_EntryCar' verdict 'pass'
                    control part verdict 'pass'
28/08/14 at 09:28 : module 'Testbench_EntryNOutCarSystem' testcase 'tc_EntryCar' verdict 'pass'
                    control part verdict 'pass'
28/08/14 at 09:28 : module 'Testbench_EntryNOutCarSystem' testcase 'tc_EntryCar' verdict 'pass'
                    control part verdict 'pass'
28/08/14 at 09:28 : module 'Testbench_EntryNOutCarSystem' testcase 'tc_EntryCar' verdict 'pass'
                    control part verdict 'pass'
28/08/14 at 09:28 : module 'Testbench_EntryNOutCarSystem' testcase 'tc_EntryCar' verdict 'pass'
                    control part verdict 'pass'
28/08/14 at 09:28 : module 'Testbench_EntryNOutCarSystem' testcase 'tc_EntryCar' verdict 'pass'
                    control part verdict 'pass'
28/08/14 at 09:28 : module 'Testbench_EntryNOutCarSystem' testcase 'tc_EntryCar' verdict 'pass'
                    control part verdict 'pass'
28/08/14 at 09:28 : module 'Testbench_EntryNOutCarSystem' testcase 'tc_OutCar' verdict 'pass'
                    control part verdict 'pass'
28/08/14 at 09:28 : module 'Testbench_EntryNOutCarSystem' testcase 'tc_OutCar' verdict 'pass'
                    control part verdict 'pass'
28/08/14 at 09:28 : module 'Testbench_EntryNOutCarSystem' testcase 'tc_OutCar' verdict 'pass'
                    control part verdict 'pass'
28/08/14 at 09:28 : module 'Testbench_EntryNOutCarSystem' testcase 'tc_OutCar' verdict 'pass'
                    control part verdict 'pass'
28/08/14 at 09:28 : module 'Testbench_EntryNOutCarSystem' testcase 'tc_OutCar' verdict 'pass'
                    control part verdict 'pass'
28/08/14 at 09:28 : module 'Testbench_EntryNOutCarSystem' testcase 'tc_EntryCar' verdict 'pass'
                    control part verdict 'pass'
28/08/14 at 09:28 : module 'Testbench_EntryNOutCarSystem' testcase 'tc_EntryCar' verdict 'pass'
                    control part verdict 'pass'
28/08/14 at 09:28 : module 'Testbench_EntryNOutCarSystem' testcase 'tc_EntryCar' verdict 'pass'
                    control part verdict 'pass'
28/08/14 at 09:28 : module 'Testbench_EntryNOutCarSystem' testcase 'tc_EntryCar' verdict 'pass'
                    control part verdict 'pass'
28/08/14 at 09:28 : module 'Testbench_EntryNOutCarSystem' testcase 'tc_EntryCar' verdict 'pass'
                    control part verdict 'pass'
28/08/14 at 09:28 : module 'Testbench_EntryNOutCarSystem' testcase 'tc_EntryCar' verdict 'pass'
                    control part verdict 'pass'
28/08/14 at 09:28 : module 'Testbench_EntryNOutCarSystem' testcase 'tc_EntryCar' verdict 'pass'
                    control part verdict 'pass'
28/08/14 at 09:28 : module 'Testbench_EntryNOutCarSystem' testcase 'tc_EntryCar' verdict 'pass'
                    control part verdict 'pass'
28/08/14 at 09:28 : module 'Testbench_EntryNOutCarSystem' testcase 'tc_EntryCar' verdict 'pass'
                    control part verdict 'pass'
28/08/14 at 09:28 : module 'Testbench_EntryNOutCarSystem' testcase 'tc_EntryCar' verdict 'pass'
                    control part verdict 'pass'
28/08/14 at 09:28 : module 'Testbench_EntryNOutCarSystem' testcase 'tc_EntryCar' verdict 'pass'
                    control part verdict 'pass'
28/08/14 at 09:28 : module 'Testbench_EntryNOutCarSystem' testcase 'tc_EntryCar' verdict 'pass'
                    control part verdict 'pass'
28/08/14 at 09:28 : module 'Testbench_EntryNOutCarSystem' testcase 'tc_EntryCar' verdict 'pass'
                    control part verdict 'pass'
28/08/14 at 09:28 : module 'Testbench_EntryNOutCarSystem' testcase 'tc_EntryCar' verdict 'pass'
                    control part verdict 'pass'
28/08/14 at 09:28 : module 'Testbench_EntryNOutCarSystem' testcase 'tc_EntryCar' verdict 'pass'
                    control part verdict 'pass'
28/08/14 at 09:28 : module 'Testbench_EntryNOutCarSystem' testcase 'tc_EntryCar' verdict 'pass'
                    control part verdict 'pass'
28/08/14 at 09:28 : module 'Testbench_EntryNOutCarSystem' testcase 'tc_EntryCar' verdict 'pass'
                    control part verdict 'pass'
28/08/14 at 09:28 : module 'Testbench_EntryNOutCarSystem' testcase 'tc_EntryCar' verdict 'pass'
                    control part verdict 'pass'
28/08/14 at 09:28 : module 'Testbench_EntryNOutCarSystem' testcase 'tc_EntryCar' verdict 'pass'
                    control part verdict 'pass'
28/08/14 at 09:28 : module 'Testbench_EntryNOutCarSystem' testcase 'tc_EntryCar' verdict 'pass'
                    control part verdict 'pass'
28/08/14 at 09:28 : module 'Testbench_EntryNOutCarSystem' testcase 'tc_EntryCar' verdict 'pass'
                    control part verdict 'pass'
28/08/14 at 09:28 : module 'Testbench_EntryNOutCarSystem' testcase 'tc_EntryCar' verdict 'pass'
                    control part verdict 'pass'
28/08/14 at 09:28 : module 'Testbench_EntryNOutCarSystem' testcase 'tc_EntryCar' verdict 'pass'
                    control part verdict 'pass'
28/08/14 at 09:28 : module 'Testbench_EntryNOutCarSystem' testcase 'tc_EntryCar' verdict 'pass'
                    control part verdict 'pass'
28/08/14 at 09:28 : module 'Testbench_EntryNOutCarSystem' testcase 'tc_EntryCar' verdict 'pass'
                    control part verdict 'pass'
28/08/14 at 09:28 : module 'Testbench_EntryNOutCarSystem' testcase 'tc_EntryCar' verdict 'pass'
                    control part verdict 'pass'
28/08/14 at 09:28 : module 'Testbench_EntryNOutCarSystem' testcase 'tc_EntryCar' verdict 'pass'
                    control part verdict 'pass'
28/08/14 at 09:28 : module 'Testbench_EntryNOutCarSystem' testcase 'tc_EntryCar' verdict 'pass'
                    control part verdict 'pass'
28/08/14 at 09:28 : module 'Testbench_EntryNOutCarSystem' testcase 'tc_EntryCar' verdict 'pass'
                    control part verdict 'pass'
28/08/14 at 09:28 : module 'Testbench_EntryNOutCarSystem' testcase 'tc_EntryCar' verdict 'pass'
                    control part verdict 'pass'
28/08/14 at 09:28 : module 'Testbench_EntryNOutCarSystem' testcase 'tc_OutCar' verdict 'pass'
                    control part verdict 'pass'
28/08/14 at 09:28 : module 'Testbench_EntryNOutCarSystem' testcase 'tc_OutCar' verdict 'pass'
                    control part verdict 'pass'
28/08/14 at 09:28 : module 'Testbench_EntryNOutCarSystem' testcase 'tc_EntryCar' verdict 'pass'
                    control part verdict 'pass'
28/08/14 at 09:28 : module 'Testbench_EntryNOutCarSystem' testcase 'tc_EntryCar' verdict 'pass'
                    control part verdict 'pass'
28/08/14 at 09:28 : module 'Testbench_EntryNOutCarSystem' testcase 'tc_EntryCar' verdict 'pass'
                    control part verdict 'pass'
28/08/14 at 09:28 : module 'Testbench_EntryNOutCarSystem' testcase 'tc_EntryCar' verdict 'pass'
                    control part verdict 'pass'
28/08/14 at 09:28 : module 'Testbench_EntryNOutCarSystem' testcase 'tc_EntryCar' verdict 'pass'
                    control part verdict 'pass'
28/08/14 at 09:28 : module 'Testbench_EntryNOutCarSystem' testcase 'tc_EntryCar' verdict 'pass'
                    control part verdict 'pass'
28/08/14 at 09:28 : module 'Testbench_EntryNOutCarSystem' testcase 'tc_EntryCar' verdict 'pass'
                    control part verdict 'pass'
28/08/14 at 09:28 : module 'Testbench_EntryNOutCarSystem' testcase 'tc_EntryCar' verdict 'pass'
                    control part verdict 'pass'
28/08/14 at 09:28 : module 'Testbench_EntryNOutCarSystem' testcase 'tc_EntryCar' verdict 'pass'
                    control part verdict 'pass'
28/08/14 at 09:28 : module 'Testbench_EntryNOutCarSystem' testcase 'tc_EntryCar' verdict 'pass'
                    control part verdict 'pass'
28/08/14 at 09:28 : module 'Testbench_EntryNOutCarSystem' testcase 'tc_EntryCar' verdict 'pass'
                    control part verdict 'pass'
28/08/14 at 09:28 : module 'Testbench_EntryNOutCarSystem' testcase 'tc_EntryCar' verdict 'pass'
                    control part verdict 'pass'
28/08/14 at 09:29 : module 'Testbench_EntryNOutCarSystem' testcase 'tc_EntryCar' verdict 'pass'
                    control part verdict 'pass'
28/08/14 at 09:29 : module 'Testbench_EntryNOutCarSystem' testcase 'tc_EntryCar' verdict 'pass'
                    control part verdict 'pass'
28/08/14 at 09:29 : module 'Testbench_EntryNOutCarSystem' testcase 'tc_EntryCar' verdict 'pass'
                    control part verdict 'pass'
28/08/14 at 09:29 : module 'Testbench_EntryNOutCarSystem' testcase 'tc_EntryCar' verdict 'pass'
                    control part verdict 'pass'
28/08/14 at 09:29 : module 'Testbench_EntryNOutCarSystem' testcase 'tc_EntryCar' verdict 'pass'
                    control part verdict 'pass'
28/08/14 at 09:29 : module 'Testbench_EntryNOutCarSystem' testcase 'tc_EntryCar' verdict 'pass'
                    control part verdict 'pass'
28/08/14 at 09:29 : module 'Testbench_EntryNOutCarSystem' testcase 'tc_EntryCar' verdict 'pass'
                    control part verdict 'pass'
28/08/14 at 09:29 : module 'Testbench_EntryNOutCarSystem' testcase 'tc_EntryCar' verdict 'pass'
                    control part verdict 'pass'
28/08/14 at 09:29 : module 'Testbench_EntryNOutCarSystem' testcase 'tc_EntryCar' verdict 'pass'
                    control part verdict 'pass'
28/08/14 at 09:29 : module 'Testbench_EntryNOutCarSystem' testcase 'tc_EntryCar' verdict 'pass'
                    control part verdict 'pass'
28/08/14 at 09:29 : module 'Testbench_EntryNOutCarSystem' testcase 'tc_EntryCar' verdict 'pass'
                    control part verdict 'pass'
28/08/14 at 09:29 : module 'Testbench_EntryNOutCarSystem' testcase 'tc_EntryCar' verdict 'pass'
                    control part verdict 'pass'
28/08/14 at 09:29 : module 'Testbench_EntryNOutCarSystem' testcase 'tc_EntryCar' verdict 'pass'
                    control part verdict 'pass'
28/08/14 at 09:29 : module 'Testbench_EntryNOutCarSystem' testcase 'tc_EntryCar' verdict 'pass'
                    control part verdict 'pass'
28/08/14 at 09:29 : module 'Testbench_EntryNOutCarSystem' testcase 'tc_OutCar' verdict 'pass'
                    control part verdict 'pass'
28/08/14 at 09:29 : module 'Testbench_EntryNOutCarSystem' testcase 'tc_OutCar' verdict 'pass'
                    control part verdict 'pass'
28/08/14 at 09:29 : module 'Testbench_EntryNOutCarSystem' testcase 'tc_OutCar' verdict 'pass'
                    control part verdict 'pass'
28/08/14 at 09:29 : module 'Testbench_EntryNOutCarSystem' testcase 'tc_EntryCar' verdict 'pass'
                    control part verdict 'pass'
28/08/14 at 09:29 : module 'Testbench_EntryNOutCarSystem' testcase 'tc_EntryCar' verdict 'pass'
                    control part verdict 'pass'
28/08/14 at 09:29 : module 'Testbench_EntryNOutCarSystem' testcase 'tc_EntryCar' verdict 'pass'
                    control part verdict 'pass'
28/08/14 at 09:29 : module 'Testbench_EntryNOutCarSystem' testcase 'tc_EntryCar' verdict 'pass'
                    control part verdict 'pass'
28/08/14 at 09:29 : module 'Testbench_EntryNOutCarSystem' testcase 'tc_EntryCar' verdict 'pass'
                    control part verdict 'pass'
28/08/14 at 09:29 : module 'Testbench_EntryNOutCarSystem' testcase 'tc_EntryCar' verdict 'pass'
                    control part verdict 'pass'
28/08/14 at 09:29 : module 'Testbench_EntryNOutCarSystem' testcase 'tc_EntryCar' verdict 'pass'
                    control part verdict 'pass'
28/08/14 at 09:29 : module 'Testbench_EntryNOutCarSystem' testcase 'tc_EntryCar' verdict 'pass'
                    control part verdict 'pass'
28/08/14 at 09:29 : module 'Testbench_EntryNOutCarSystem' testcase 'tc_EntryCar' verdict 'pass'
                    control part verdict 'pass'
28/08/14 at 09:29 : module 'Testbench_EntryNOutCarSystem' testcase 'tc_EntryCar' verdict 'pass'
                    control part verdict 'pass'
28/08/14 at 09:29 : module 'Testbench_EntryNOutCarSystem' testcase 'tc_EntryCar' verdict 'pass'
                    control part verdict 'pass'
28/08/14 at 09:29 : module 'Testbench_EntryNOutCarSystem' testcase 'tc_EntryCar' verdict 'pass'
                    control part verdict 'pass'
28/08/14 at 09:29 : module 'Testbench_EntryNOutCarSystem' testcase 'tc_EntryCar' verdict 'pass'
                    control part verdict 'pass'
28/08/14 at 09:29 : module 'Testbench_EntryNOutCarSystem' testcase 'tc_EntryCar' verdict 'pass'
                    control part verdict 'pass'
28/08/14 at 09:29 : module 'Testbench_EntryNOutCarSystem' testcase 'tc_EntryCar' verdict 'pass'
                    control part verdict 'pass'
28/08/14 at 09:29 : module 'Testbench_EntryNOutCarSystem' testcase 'tc_EntryCar' verdict 'pass'
                    control part verdict 'pass'
28/08/14 at 09:29 : module 'Testbench_EntryNOutCarSystem' testcase 'tc_EntryCar' verdict 'pass'
                    control part verdict 'pass'
28/08/14 at 09:29 : module 'Testbench_EntryNOutCarSystem' testcase 'tc_EntryCar' verdict 'pass'
                    control part verdict 'pass'
28/08/14 at 09:29 : module 'Testbench_EntryNOutCarSystem' testcase 'tc_EntryCar' verdict 'pass'
                    control part verdict 'pass'
28/08/14 at 09:29 : module 'Testbench_EntryNOutCarSystem' testcase 'tc_EntryCar' verdict 'pass'
                    control part verdict 'pass'
28/08/14 at 09:29 : module 'Testbench_EntryNOutCarSystem' testcase 'tc_EntryCar' verdict 'pass'
                    control part verdict 'pass'
28/08/14 at 09:29 : module 'Testbench_EntryNOutCarSystem' testcase 'tc_EntryCar' verdict 'pass'
                    control part verdict 'pass'
28/08/14 at 09:29 : module 'Testbench_EntryNOutCarSystem' testcase 'tc_EntryCar' verdict 'pass'
                    control part verdict 'pass'
28/08/14 at 09:29 : module 'Testbench_EntryNOutCarSystem' testcase 'tc_EntryCar' verdict 'pass'
                    control part verdict 'pass'
28/08/14 at 09:29 : module 'Testbench_EntryNOutCarSystem' testcase 'tc_EntryCar' verdict 'pass'
                    control part verdict 'pass'
28/08/14 at 09:29 : module 'Testbench_EntryNOutCarSystem' testcase 'tc_EntryCar' verdict 'pass'
                    control part verdict 'pass'
28/08/14 at 09:29 : module 'Testbench_EntryNOutCarSystem' testcase 'tc_EntryCar' verdict 'pass'
                    control part verdict 'pass'
28/08/14 at 09:29 : module 'Testbench_EntryNOutCarSystem' testcase 'tc_EntryCar' verdict 'pass'
                    control part verdict 'pass'
28/08/14 at 09:29 : module 'Testbench_EntryNOutCarSystem' testcase 'tc_EntryCar' verdict 'pass'
                    control part verdict 'pass'
28/08/14 at 09:29 : module 'Testbench_EntryNOutCarSystem' testcase 'tc_EntryCar' verdict 'pass'
                    control part verdict 'pass'
28/08/14 at 09:29 : module 'Testbench_EntryNOutCarSystem' testcase 'tc_EntryCar' verdict 'pass'
                    control part verdict 'pass'
28/08/14 at 09:29 : module 'Testbench_EntryNOutCarSystem' testcase 'tc_EntryCar' verdict 'pass'
                    control part verdict 'pass'
28/08/14 at 09:29 : module 'Testbench_EntryNOutCarSystem' testcase 'tc_EntryCar' verdict 'pass'
                    control part verdict 'pass'
28/08/14 at 09:29 : module 'Testbench_EntryNOutCarSystem' testcase 'tc_EntryCar' verdict 'pass'
                    control part verdict 'pass'
28/08/14 at 09:29 : module 'Testbench_EntryNOutCarSystem' testcase 'tc_EntryCar' verdict 'pass'
                    control part verdict 'pass'
28/08/14 at 09:29 : module 'Testbench_EntryNOutCarSystem' testcase 'tc_EntryCar' verdict 'pass'
                    control part verdict 'pass'
28/08/14 at 09:29 : module 'Testbench_EntryNOutCarSystem' testcase 'tc_OutCar' verdict 'pass'
                    control part verdict 'pass'
28/08/14 at 09:29 : module 'Testbench_EntryNOutCarSystem' testcase 'tc_OutCar' verdict 'pass'
                    control part verdict 'pass'
28/08/14 at 09:29 : module 'Testbench_EntryNOutCarSystem' testcase 'tc_EntryCar' verdict 'pass'
                    control part verdict 'pass'
28/08/14 at 09:29 : module 'Testbench_EntryNOutCarSystem' testcase 'tc_EntryCar' verdict 'pass'
                    control part verdict 'pass'
28/08/14 at 09:29 : module 'Testbench_EntryNOutCarSystem' testcase 'tc_EntryCar' verdict 'pass'
                    control part verdict 'pass'
28/08/14 at 09:29 : module 'Testbench_EntryNOutCarSystem' testcase 'tc_EntryCar' verdict 'pass'
                    control part verdict 'pass'
28/08/14 at 09:29 : module 'Testbench_EntryNOutCarSystem' testcase 'tc_EntryCar' verdict 'pass'
                    control part verdict 'pass'
28/08/14 at 09:29 : module 'Testbench_EntryNOutCarSystem' testcase 'tc_EntryCar' verdict 'pass'
                    control part verdict 'pass'
28/08/14 at 09:29 : module 'Testbench_EntryNOutCarSystem' testcase 'tc_EntryCar' verdict 'pass'
                    control part verdict 'pass'
28/08/14 at 09:29 : module 'Testbench_EntryNOutCarSystem' testcase 'tc_EntryCar' verdict 'pass'
                    control part verdict 'pass'
28/08/14 at 09:29 : module 'Testbench_EntryNOutCarSystem' testcase 'tc_EntryCar' verdict 'pass'
                    control part verdict 'pass'
28/08/14 at 09:29 : module 'Testbench_EntryNOutCarSystem' testcase 'tc_EntryCar' verdict 'pass'
                    control part verdict 'pass'
28/08/14 at 09:29 : module 'Testbench_EntryNOutCarSystem' testcase 'tc_EntryCar' verdict 'pass'
                    control part verdict 'pass'
28/08/14 at 09:29 : module 'Testbench_EntryNOutCarSystem' testcase 'tc_EntryCar' verdict 'pass'
                    control part verdict 'pass'
28/08/14 at 09:29 : module 'Testbench_EntryNOutCarSystem' testcase 'tc_EntryCar' verdict 'pass'
                    control part verdict 'pass'
28/08/14 at 09:29 : module 'Testbench_EntryNOutCarSystem' testcase 'tc_EntryCar' verdict 'pass'
                    control part verdict 'pass'
28/08/14 at 09:29 : module 'Testbench_EntryNOutCarSystem' testcase 'tc_EntryCar' verdict 'pass'
                    control part verdict 'pass'
28/08/14 at 09:29 : module 'Testbench_EntryNOutCarSystem' testcase 'tc_EntryCar' verdict 'pass'
                    control part verdict 'pass'
28/08/14 at 09:29 : module 'Testbench_EntryNOutCarSystem' testcase 'tc_EntryCar' verdict 'pass'
                    control part verdict 'pass'
28/08/14 at 09:29 : module 'Testbench_EntryNOutCarSystem' testcase 'tc_EntryCar' verdict 'pass'
                    control part verdict 'pass'
28/08/14 at 09:29 : module 'Testbench_EntryNOutCarSystem' testcase 'tc_EntryCar' verdict 'pass'
                    control part verdict 'pass'
28/08/14 at 09:29 : module 'Testbench_EntryNOutCarSystem' testcase 'tc_EntryCar' verdict 'pass'
                    control part verdict 'pass'
28/08/14 at 09:29 : module 'Testbench_EntryNOutCarSystem' testcase 'tc_EntryCar' verdict 'pass'
                    control part verdict 'pass'
28/08/14 at 09:29 : module 'Testbench_EntryNOutCarSystem' testcase 'tc_EntryCar' verdict 'pass'
                    control part verdict 'pass'
28/08/14 at 09:29 : module 'Testbench_EntryNOutCarSystem' testcase 'tc_EntryCar' verdict 'pass'
                    control part verdict 'pass'
28/08/14 at 09:29 : module 'Testbench_EntryNOutCarSystem' testcase 'tc_EntryCar' verdict 'pass'
                    control part verdict 'pass'
28/08/14 at 09:29 : module 'Testbench_EntryNOutCarSystem' testcase 'tc_EntryCar' verdict 'pass'
                    control part verdict 'pass'
28/08/14 at 09:29 : module 'Testbench_EntryNOutCarSystem' testcase 'tc_EntryCar' verdict 'pass'
                    control part verdict 'pass'
28/08/14 at 09:29 : module 'Testbench_EntryNOutCarSystem' testcase 'tc_EntryCar' verdict 'pass'
                    control part verdict 'pass'
28/08/14 at 09:29 : module 'Testbench_EntryNOutCarSystem' testcase 'tc_EntryCar' verdict 'pass'
                    control part verdict 'pass'
28/08/14 at 09:29 : module 'Testbench_EntryNOutCarSystem' testcase 'tc_EntryCar' verdict 'pass'
                    control part verdict 'pass'
28/08/14 at 09:29 : module 'Testbench_EntryNOutCarSystem' testcase 'tc_EntryCar' verdict 'pass'
                    control part verdict 'pass'
28/08/14 at 09:29 : module 'Testbench_EntryNOutCarSystem' testcase 'tc_EntryCar' verdict 'pass'
                    control part verdict 'pass'
28/08/14 at 09:29 : module 'Testbench_EntryNOutCarSystem' testcase 'tc_EntryCar' verdict 'pass'
                    control part verdict 'pass'
28/08/14 at 09:29 : module 'Testbench_EntryNOutCarSystem' testcase 'tc_EntryCar' verdict 'pass'
                    control part verdict 'pass'
28/08/14 at 09:29 : module 'Testbench_EntryNOutCarSystem' testcase 'tc_EntryCar' verdict 'pass'
                    control part verdict 'pass'
28/08/14 at 09:29 : module 'Testbench_EntryNOutCarSystem' testcase 'tc_EntryCar' verdict 'pass'
                    control part verdict 'pass'
28/08/14 at 09:29 : module 'Testbench_EntryNOutCarSystem' testcase 'tc_EntryCar' verdict 'pass'
                    control part verdict 'pass'
28/08/14 at 09:29 : module 'Testbench_EntryNOutCarSystem' testcase 'tc_EntryCar' verdict 'pass'
                    control part verdict 'pass'
28/08/14 at 09:29 : module 'Testbench_EntryNOutCarSystem' testcase 'tc_OutCar' verdict 'pass'
                    control part verdict 'pass'
28/08/14 at 09:29 : module 'Testbench_EntryNOutCarSystem' testcase 'tc_OutCar' verdict 'pass'
                    control part verdict 'pass'
28/08/14 at 09:29 : module 'Testbench_EntryNOutCarSystem' testcase 'tc_OutCar' verdict 'pass'
                    control part verdict 'pass'
28/08/14 at 09:29 : module 'Testbench_EntryNOutCarSystem' testcase 'tc_OutCar' verdict 'pass'
                    control part verdict 'pass'
28/08/14 at 09:29 : module 'Testbench_EntryNOutCarSystem' testcase 'tc_OutCar' verdict 'pass'
                    control part verdict 'pass'
28/08/14 at 09:29 : module 'Testbench_EntryNOutCarSystem' testcase 'tc_OutCar' verdict 'pass'
                    control part verdict 'pass'
28/08/14 at 09:29 : module 'Testbench_EntryNOutCarSystem' testcase 'tc_OutCar' verdict 'pass'
                    control part verdict 'pass'
28/08/14 at 09:29 : module 'Testbench_EntryNOutCarSystem' testcase 'tc_VerifyFreeSpots' verdict 'pass'
                    control part verdict 'pass'
28/08/14 at 09:31 : simulation ended


==============================
project /home/ubuntu/Documents/Final_Work_Model/ModelParkingSystem/LotParkingSystem.rdp
28/08/14 at 22:19 : Simulation started
28/08/14 at 22:20 : control part started
28/08/14 at 22:20 : module 'Testbench_EntryNOutCarSystem' testcase 'tc_initialization' verdict 'pass'
                    control part verdict 'pass'
28/08/14 at 22:20 : module 'Testbench_EntryNOutCarSystem' testcase 'tc_CreationCtrl' verdict 'pass'
                    control part verdict 'pass'
28/08/14 at 22:20 : module 'Testbench_EntryNOutCarSystem' testcase 'tc_CreationZone' verdict 'pass'
                    control part verdict 'pass'
28/08/14 at 22:20 : module 'Testbench_EntryNOutCarSystem' testcase 'tc_CreationZone' verdict 'pass'
                    control part verdict 'pass'
28/08/14 at 22:20 : module 'Testbench_EntryNOutCarSystem' testcase 'tc_CreationZone' verdict 'pass'
                    control part verdict 'pass'
28/08/14 at 22:20 : module 'Testbench_EntryNOutCarSystem' testcase 'tc_EntryCar' verdict 'pass'
                    control part verdict 'pass'
28/08/14 at 22:20 : module 'Testbench_EntryNOutCarSystem' testcase 'tc_EntryCar' verdict 'pass'
                    control part verdict 'pass'
28/08/14 at 22:20 : module 'Testbench_EntryNOutCarSystem' testcase 'tc_EntryCar' verdict 'pass'
                    control part verdict 'pass'
28/08/14 at 22:20 : module 'Testbench_EntryNOutCarSystem' testcase 'tc_EntryCar' verdict 'pass'
                    control part verdict 'pass'
28/08/14 at 22:20 : module 'Testbench_EntryNOutCarSystem' testcase 'tc_EntryCar' verdict 'pass'
                    control part verdict 'pass'
28/08/14 at 22:20 : module 'Testbench_EntryNOutCarSystem' testcase 'tc_OutCar' verdict 'pass'
                    control part verdict 'pass'
28/08/14 at 22:20 : module 'Testbench_EntryNOutCarSystem' testcase 'tc_EntryCar' verdict 'pass'
                    control part verdict 'pass'
28/08/14 at 22:20 : module 'Testbench_EntryNOutCarSystem' testcase 'tc_EntryCar' verdict 'pass'
                    control part verdict 'pass'
28/08/14 at 22:20 : module 'Testbench_EntryNOutCarSystem' testcase 'tc_OutCar' verdict 'pass'
                    control part verdict 'pass'
28/08/14 at 22:20 : module 'Testbench_EntryNOutCarSystem' testcase 'tc_EntryCar' verdict 'pass'
                    control part verdict 'pass'
28/08/14 at 22:20 : module 'Testbench_EntryNOutCarSystem' testcase 'tc_EntryCar' verdict 'pass'
                    control part verdict 'pass'
28/08/14 at 22:20 : module 'Testbench_EntryNOutCarSystem' testcase 'tc_EntryCar' verdict 'pass'
                    control part verdict 'pass'
28/08/14 at 22:20 : module 'Testbench_EntryNOutCarSystem' testcase 'tc_EntryCar' verdict 'pass'
                    control part verdict 'pass'
28/08/14 at 22:20 : module 'Testbench_EntryNOutCarSystem' testcase 'tc_EntryCar' verdict 'pass'
                    control part verdict 'pass'
28/08/14 at 22:20 : module 'Testbench_EntryNOutCarSystem' testcase 'tc_EntryCar' verdict 'pass'
                    control part verdict 'pass'
28/08/14 at 22:20 : module 'Testbench_EntryNOutCarSystem' testcase 'tc_EntryCar' verdict 'pass'
                    control part verdict 'pass'
28/08/14 at 22:20 : module 'Testbench_EntryNOutCarSystem' testcase 'tc_EntryCar' verdict 'pass'
                    control part verdict 'pass'
28/08/14 at 22:20 : module 'Testbench_EntryNOutCarSystem' testcase 'tc_EntryCar' verdict 'pass'
                    control part verdict 'pass'
28/08/14 at 22:20 : module 'Testbench_EntryNOutCarSystem' testcase 'tc_EntryCar' verdict 'pass'
                    control part verdict 'pass'
28/08/14 at 22:20 : module 'Testbench_EntryNOutCarSystem' testcase 'tc_EntryCar' verdict 'pass'
                    control part verdict 'pass'
28/08/14 at 22:20 : module 'Testbench_EntryNOutCarSystem' testcase 'tc_EntryCar' verdict 'pass'
                    control part verdict 'pass'
28/08/14 at 22:20 : module 'Testbench_EntryNOutCarSystem' testcase 'tc_EntryCar' verdict 'pass'
                    control part verdict 'pass'
28/08/14 at 22:20 : module 'Testbench_EntryNOutCarSystem' testcase 'tc_EntryCar' verdict 'pass'
                    control part verdict 'pass'
28/08/14 at 22:20 : module 'Testbench_EntryNOutCarSystem' testcase 'tc_EntryCar' verdict 'pass'
                    control part verdict 'pass'
28/08/14 at 22:20 : module 'Testbench_EntryNOutCarSystem' testcase 'tc_EntryCar' verdict 'pass'
                    control part verdict 'pass'
28/08/14 at 22:20 : module 'Testbench_EntryNOutCarSystem' testcase 'tc_EntryCar' verdict 'pass'
                    control part verdict 'pass'
28/08/14 at 22:20 : module 'Testbench_EntryNOutCarSystem' testcase 'tc_EntryCar' verdict 'pass'
                    control part verdict 'pass'
28/08/14 at 22:20 : module 'Testbench_EntryNOutCarSystem' testcase 'tc_EntryCar' verdict 'pass'
                    control part verdict 'pass'
28/08/14 at 22:20 : module 'Testbench_EntryNOutCarSystem' testcase 'tc_OutCar' verdict 'pass'
                    control part verdict 'pass'
28/08/14 at 22:20 : module 'Testbench_EntryNOutCarSystem' testcase 'tc_OutCar' verdict 'pass'
                    control part verdict 'pass'
28/08/14 at 22:20 : module 'Testbench_EntryNOutCarSystem' testcase 'tc_EntryCar' verdict 'pass'
                    control part verdict 'pass'
28/08/14 at 22:20 : module 'Testbench_EntryNOutCarSystem' testcase 'tc_EntryCar' verdict 'pass'
                    control part verdict 'pass'
28/08/14 at 22:20 : module 'Testbench_EntryNOutCarSystem' testcase 'tc_EntryCar' verdict 'pass'
                    control part verdict 'pass'
28/08/14 at 22:20 : module 'Testbench_EntryNOutCarSystem' testcase 'tc_EntryCar' verdict 'pass'
                    control part verdict 'pass'
28/08/14 at 22:20 : module 'Testbench_EntryNOutCarSystem' testcase 'tc_EntryCar' verdict 'pass'
                    control part verdict 'pass'
28/08/14 at 22:20 : module 'Testbench_EntryNOutCarSystem' testcase 'tc_EntryCar' verdict 'pass'
                    control part verdict 'pass'
28/08/14 at 22:20 : module 'Testbench_EntryNOutCarSystem' testcase 'tc_EntryCar' verdict 'pass'
                    control part verdict 'pass'
28/08/14 at 22:20 : module 'Testbench_EntryNOutCarSystem' testcase 'tc_EntryCar' verdict 'pass'
                    control part verdict 'pass'
28/08/14 at 22:20 : module 'Testbench_EntryNOutCarSystem' testcase 'tc_EntryCar' verdict 'pass'
                    control part verdict 'pass'
28/08/14 at 22:20 : module 'Testbench_EntryNOutCarSystem' testcase 'tc_EntryCar' verdict 'pass'
                    control part verdict 'pass'
28/08/14 at 22:20 : module 'Testbench_EntryNOutCarSystem' testcase 'tc_EntryCar' verdict 'pass'
                    control part verdict 'pass'
28/08/14 at 22:20 : module 'Testbench_EntryNOutCarSystem' testcase 'tc_EntryCar' verdict 'pass'
                    control part verdict 'pass'
28/08/14 at 22:20 : module 'Testbench_EntryNOutCarSystem' testcase 'tc_OutCar' verdict 'pass'
                    control part verdict 'pass'
28/08/14 at 22:20 : module 'Testbench_EntryNOutCarSystem' testcase 'tc_OutCar' verdict 'pass'
                    control part verdict 'pass'
28/08/14 at 22:20 : module 'Testbench_EntryNOutCarSystem' testcase 'tc_OutCar' verdict 'pass'
                    control part verdict 'pass'
28/08/14 at 22:20 : module 'Testbench_EntryNOutCarSystem' testcase 'tc_OutCar' verdict 'pass'
                    control part verdict 'pass'
28/08/14 at 22:20 : module 'Testbench_EntryNOutCarSystem' testcase 'tc_OutCar' verdict 'pass'
                    control part verdict 'pass'
28/08/14 at 22:20 : module 'Testbench_EntryNOutCarSystem' testcase 'tc_EntryCar' verdict 'pass'
                    control part verdict 'pass'
28/08/14 at 22:20 : module 'Testbench_EntryNOutCarSystem' testcase 'tc_EntryCar' verdict 'pass'
                    control part verdict 'pass'
28/08/14 at 22:20 : module 'Testbench_EntryNOutCarSystem' testcase 'tc_EntryCar' verdict 'pass'
                    control part verdict 'pass'
28/08/14 at 22:20 : module 'Testbench_EntryNOutCarSystem' testcase 'tc_EntryCar' verdict 'pass'
                    control part verdict 'pass'
28/08/14 at 22:20 : module 'Testbench_EntryNOutCarSystem' testcase 'tc_EntryCar' verdict 'pass'
                    control part verdict 'pass'
28/08/14 at 22:20 : module 'Testbench_EntryNOutCarSystem' testcase 'tc_EntryCar' verdict 'pass'
                    control part verdict 'pass'
28/08/14 at 22:20 : module 'Testbench_EntryNOutCarSystem' testcase 'tc_EntryCar' verdict 'pass'
                    control part verdict 'pass'
28/08/14 at 22:20 : module 'Testbench_EntryNOutCarSystem' testcase 'tc_EntryCar' verdict 'pass'
                    control part verdict 'pass'
28/08/14 at 22:20 : module 'Testbench_EntryNOutCarSystem' testcase 'tc_EntryCar' verdict 'pass'
                    control part verdict 'pass'
28/08/14 at 22:20 : module 'Testbench_EntryNOutCarSystem' testcase 'tc_EntryCar' verdict 'pass'
                    control part verdict 'pass'
28/08/14 at 22:20 : module 'Testbench_EntryNOutCarSystem' testcase 'tc_EntryCar' verdict 'pass'
                    control part verdict 'pass'
28/08/14 at 22:20 : module 'Testbench_EntryNOutCarSystem' testcase 'tc_EntryCar' verdict 'pass'
                    control part verdict 'pass'
28/08/14 at 22:20 : module 'Testbench_EntryNOutCarSystem' testcase 'tc_EntryCar' verdict 'pass'
                    control part verdict 'pass'
28/08/14 at 22:20 : module 'Testbench_EntryNOutCarSystem' testcase 'tc_EntryCar' verdict 'pass'
                    control part verdict 'pass'
28/08/14 at 22:20 : module 'Testbench_EntryNOutCarSystem' testcase 'tc_EntryCar' verdict 'pass'
                    control part verdict 'pass'
28/08/14 at 22:20 : module 'Testbench_EntryNOutCarSystem' testcase 'tc_EntryCar' verdict 'pass'
                    control part verdict 'pass'
28/08/14 at 22:20 : module 'Testbench_EntryNOutCarSystem' testcase 'tc_EntryCar' verdict 'pass'
                    control part verdict 'pass'
28/08/14 at 22:20 : module 'Testbench_EntryNOutCarSystem' testcase 'tc_EntryCar' verdict 'pass'
                    control part verdict 'pass'
28/08/14 at 22:20 : module 'Testbench_EntryNOutCarSystem' testcase 'tc_EntryCar' verdict 'pass'
                    control part verdict 'pass'
28/08/14 at 22:20 : module 'Testbench_EntryNOutCarSystem' testcase 'tc_EntryCar' verdict 'pass'
                    control part verdict 'pass'
28/08/14 at 22:20 : module 'Testbench_EntryNOutCarSystem' testcase 'tc_EntryCar' verdict 'pass'
                    control part verdict 'pass'
28/08/14 at 22:20 : module 'Testbench_EntryNOutCarSystem' testcase 'tc_EntryCar' verdict 'pass'
                    control part verdict 'pass'
28/08/14 at 22:20 : module 'Testbench_EntryNOutCarSystem' testcase 'tc_EntryCar' verdict 'pass'
                    control part verdict 'pass'
28/08/14 at 22:20 : module 'Testbench_EntryNOutCarSystem' testcase 'tc_EntryCar' verdict 'pass'
                    control part verdict 'pass'
28/08/14 at 22:20 : module 'Testbench_EntryNOutCarSystem' testcase 'tc_EntryCar' verdict 'pass'
                    control part verdict 'pass'
28/08/14 at 22:20 : module 'Testbench_EntryNOutCarSystem' testcase 'tc_EntryCar' verdict 'pass'
                    control part verdict 'pass'
28/08/14 at 22:20 : module 'Testbench_EntryNOutCarSystem' testcase 'tc_EntryCar' verdict 'pass'
                    control part verdict 'pass'
28/08/14 at 22:20 : module 'Testbench_EntryNOutCarSystem' testcase 'tc_EntryCar' verdict 'pass'
                    control part verdict 'pass'
28/08/14 at 22:20 : module 'Testbench_EntryNOutCarSystem' testcase 'tc_EntryCar' verdict 'pass'
                    control part verdict 'pass'
28/08/14 at 22:20 : module 'Testbench_EntryNOutCarSystem' testcase 'tc_EntryCar' verdict 'pass'
                    control part verdict 'pass'
28/08/14 at 22:20 : module 'Testbench_EntryNOutCarSystem' testcase 'tc_OutCar' verdict 'pass'
                    control part verdict 'pass'
28/08/14 at 22:20 : module 'Testbench_EntryNOutCarSystem' testcase 'tc_OutCar' verdict 'pass'
                    control part verdict 'pass'
28/08/14 at 22:20 : module 'Testbench_EntryNOutCarSystem' testcase 'tc_EntryCar' verdict 'pass'
                    control part verdict 'pass'
28/08/14 at 22:20 : module 'Testbench_EntryNOutCarSystem' testcase 'tc_EntryCar' verdict 'pass'
                    control part verdict 'pass'
28/08/14 at 22:20 : module 'Testbench_EntryNOutCarSystem' testcase 'tc_EntryCar' verdict 'pass'
                    control part verdict 'pass'
28/08/14 at 22:20 : module 'Testbench_EntryNOutCarSystem' testcase 'tc_EntryCar' verdict 'pass'
                    control part verdict 'pass'
28/08/14 at 22:20 : module 'Testbench_EntryNOutCarSystem' testcase 'tc_EntryCar' verdict 'pass'
                    control part verdict 'pass'
28/08/14 at 22:20 : module 'Testbench_EntryNOutCarSystem' testcase 'tc_EntryCar' verdict 'pass'
                    control part verdict 'pass'
28/08/14 at 22:20 : module 'Testbench_EntryNOutCarSystem' testcase 'tc_EntryCar' verdict 'pass'
                    control part verdict 'pass'
28/08/14 at 22:20 : module 'Testbench_EntryNOutCarSystem' testcase 'tc_EntryCar' verdict 'pass'
                    control part verdict 'pass'
28/08/14 at 22:20 : module 'Testbench_EntryNOutCarSystem' testcase 'tc_EntryCar' verdict 'pass'
                    control part verdict 'pass'
28/08/14 at 22:20 : module 'Testbench_EntryNOutCarSystem' testcase 'tc_EntryCar' verdict 'pass'
                    control part verdict 'pass'
28/08/14 at 22:20 : module 'Testbench_EntryNOutCarSystem' testcase 'tc_EntryCar' verdict 'pass'
                    control part verdict 'pass'
28/08/14 at 22:20 : module 'Testbench_EntryNOutCarSystem' testcase 'tc_EntryCar' verdict 'pass'
                    control part verdict 'pass'
28/08/14 at 22:20 : module 'Testbench_EntryNOutCarSystem' testcase 'tc_EntryCar' verdict 'pass'
                    control part verdict 'pass'
28/08/14 at 22:20 : module 'Testbench_EntryNOutCarSystem' testcase 'tc_EntryCar' verdict 'pass'
                    control part verdict 'pass'
28/08/14 at 22:20 : module 'Testbench_EntryNOutCarSystem' testcase 'tc_EntryCar' verdict 'pass'
                    control part verdict 'pass'
28/08/14 at 22:20 : module 'Testbench_EntryNOutCarSystem' testcase 'tc_EntryCar' verdict 'pass'
                    control part verdict 'pass'
28/08/14 at 22:20 : module 'Testbench_EntryNOutCarSystem' testcase 'tc_EntryCar' verdict 'pass'
                    control part verdict 'pass'
28/08/14 at 22:20 : module 'Testbench_EntryNOutCarSystem' testcase 'tc_EntryCar' verdict 'pass'
                    control part verdict 'pass'
28/08/14 at 22:20 : module 'Testbench_EntryNOutCarSystem' testcase 'tc_EntryCar' verdict 'pass'
                    control part verdict 'pass'
28/08/14 at 22:20 : module 'Testbench_EntryNOutCarSystem' testcase 'tc_EntryCar' verdict 'pass'
                    control part verdict 'pass'
28/08/14 at 22:20 : module 'Testbench_EntryNOutCarSystem' testcase 'tc_EntryCar' verdict 'pass'
                    control part verdict 'pass'
28/08/14 at 22:20 : module 'Testbench_EntryNOutCarSystem' testcase 'tc_EntryCar' verdict 'pass'
                    control part verdict 'pass'
28/08/14 at 22:20 : module 'Testbench_EntryNOutCarSystem' testcase 'tc_EntryCar' verdict 'pass'
                    control part verdict 'pass'
28/08/14 at 22:20 : module 'Testbench_EntryNOutCarSystem' testcase 'tc_EntryCar' verdict 'pass'
                    control part verdict 'pass'
28/08/14 at 22:20 : module 'Testbench_EntryNOutCarSystem' testcase 'tc_EntryCar' verdict 'pass'
                    control part verdict 'pass'
28/08/14 at 22:20 : module 'Testbench_EntryNOutCarSystem' testcase 'tc_EntryCar' verdict 'pass'
                    control part verdict 'pass'
28/08/14 at 22:20 : module 'Testbench_EntryNOutCarSystem' testcase 'tc_OutCar' verdict 'pass'
                    control part verdict 'pass'
28/08/14 at 22:20 : module 'Testbench_EntryNOutCarSystem' testcase 'tc_OutCar' verdict 'pass'
                    control part verdict 'pass'
28/08/14 at 22:20 : module 'Testbench_EntryNOutCarSystem' testcase 'tc_OutCar' verdict 'pass'
                    control part verdict 'pass'
28/08/14 at 22:20 : module 'Testbench_EntryNOutCarSystem' testcase 'tc_EntryCar' verdict 'pass'
                    control part verdict 'pass'
28/08/14 at 22:20 : module 'Testbench_EntryNOutCarSystem' testcase 'tc_EntryCar' verdict 'pass'
                    control part verdict 'pass'
28/08/14 at 22:20 : module 'Testbench_EntryNOutCarSystem' testcase 'tc_EntryCar' verdict 'pass'
                    control part verdict 'pass'
28/08/14 at 22:20 : module 'Testbench_EntryNOutCarSystem' testcase 'tc_EntryCar' verdict 'pass'
                    control part verdict 'pass'
28/08/14 at 22:20 : module 'Testbench_EntryNOutCarSystem' testcase 'tc_EntryCar' verdict 'pass'
                    control part verdict 'pass'
28/08/14 at 22:20 : module 'Testbench_EntryNOutCarSystem' testcase 'tc_EntryCar' verdict 'pass'
                    control part verdict 'pass'
28/08/14 at 22:20 : module 'Testbench_EntryNOutCarSystem' testcase 'tc_EntryCar' verdict 'pass'
                    control part verdict 'pass'
28/08/14 at 22:20 : module 'Testbench_EntryNOutCarSystem' testcase 'tc_EntryCar' verdict 'pass'
                    control part verdict 'pass'
28/08/14 at 22:20 : module 'Testbench_EntryNOutCarSystem' testcase 'tc_EntryCar' verdict 'pass'
                    control part verdict 'pass'
28/08/14 at 22:20 : module 'Testbench_EntryNOutCarSystem' testcase 'tc_EntryCar' verdict 'pass'
                    control part verdict 'pass'
28/08/14 at 22:20 : module 'Testbench_EntryNOutCarSystem' testcase 'tc_EntryCar' verdict 'pass'
                    control part verdict 'pass'
28/08/14 at 22:20 : module 'Testbench_EntryNOutCarSystem' testcase 'tc_EntryCar' verdict 'pass'
                    control part verdict 'pass'
28/08/14 at 22:20 : module 'Testbench_EntryNOutCarSystem' testcase 'tc_EntryCar' verdict 'pass'
                    control part verdict 'pass'
28/08/14 at 22:20 : module 'Testbench_EntryNOutCarSystem' testcase 'tc_EntryCar' verdict 'pass'
                    control part verdict 'pass'
28/08/14 at 22:20 : module 'Testbench_EntryNOutCarSystem' testcase 'tc_EntryCar' verdict 'pass'
                    control part verdict 'pass'
28/08/14 at 22:20 : module 'Testbench_EntryNOutCarSystem' testcase 'tc_EntryCar' verdict 'pass'
                    control part verdict 'pass'
28/08/14 at 22:20 : module 'Testbench_EntryNOutCarSystem' testcase 'tc_EntryCar' verdict 'pass'
                    control part verdict 'pass'
28/08/14 at 22:20 : module 'Testbench_EntryNOutCarSystem' testcase 'tc_EntryCar' verdict 'pass'
                    control part verdict 'pass'
28/08/14 at 22:20 : module 'Testbench_EntryNOutCarSystem' testcase 'tc_EntryCar' verdict 'pass'
                    control part verdict 'pass'
28/08/14 at 22:20 : module 'Testbench_EntryNOutCarSystem' testcase 'tc_EntryCar' verdict 'pass'
                    control part verdict 'pass'
28/08/14 at 22:20 : module 'Testbench_EntryNOutCarSystem' testcase 'tc_EntryCar' verdict 'pass'
                    control part verdict 'pass'
28/08/14 at 22:20 : module 'Testbench_EntryNOutCarSystem' testcase 'tc_EntryCar' verdict 'pass'
                    control part verdict 'pass'
28/08/14 at 22:20 : module 'Testbench_EntryNOutCarSystem' testcase 'tc_EntryCar' verdict 'pass'
                    control part verdict 'pass'
28/08/14 at 22:20 : module 'Testbench_EntryNOutCarSystem' testcase 'tc_EntryCar' verdict 'pass'
                    control part verdict 'pass'
28/08/14 at 22:20 : module 'Testbench_EntryNOutCarSystem' testcase 'tc_EntryCar' verdict 'pass'
                    control part verdict 'pass'
28/08/14 at 22:20 : module 'Testbench_EntryNOutCarSystem' testcase 'tc_EntryCar' verdict 'pass'
                    control part verdict 'pass'
28/08/14 at 22:20 : module 'Testbench_EntryNOutCarSystem' testcase 'tc_EntryCar' verdict 'pass'
                    control part verdict 'pass'
28/08/14 at 22:20 : module 'Testbench_EntryNOutCarSystem' testcase 'tc_EntryCar' verdict 'pass'
                    control part verdict 'pass'
28/08/14 at 22:20 : module 'Testbench_EntryNOutCarSystem' testcase 'tc_EntryCar' verdict 'pass'
                    control part verdict 'pass'
28/08/14 at 22:20 : module 'Testbench_EntryNOutCarSystem' testcase 'tc_EntryCar' verdict 'pass'
                    control part verdict 'pass'
28/08/14 at 22:20 : module 'Testbench_EntryNOutCarSystem' testcase 'tc_EntryCar' verdict 'pass'
                    control part verdict 'pass'
28/08/14 at 22:20 : module 'Testbench_EntryNOutCarSystem' testcase 'tc_EntryCar' verdict 'pass'
                    control part verdict 'pass'
28/08/14 at 22:20 : module 'Testbench_EntryNOutCarSystem' testcase 'tc_EntryCar' verdict 'pass'
                    control part verdict 'pass'
28/08/14 at 22:20 : module 'Testbench_EntryNOutCarSystem' testcase 'tc_EntryCar' verdict 'pass'
                    control part verdict 'pass'
28/08/14 at 22:20 : module 'Testbench_EntryNOutCarSystem' testcase 'tc_EntryCar' verdict 'pass'
                    control part verdict 'pass'
28/08/14 at 22:20 : module 'Testbench_EntryNOutCarSystem' testcase 'tc_EntryCar' verdict 'pass'
                    control part verdict 'pass'
28/08/14 at 22:20 : module 'Testbench_EntryNOutCarSystem' testcase 'tc_OutCar' verdict 'pass'
                    control part verdict 'pass'
28/08/14 at 22:20 : module 'Testbench_EntryNOutCarSystem' testcase 'tc_OutCar' verdict 'pass'
                    control part verdict 'pass'
28/08/14 at 22:20 : module 'Testbench_EntryNOutCarSystem' testcase 'tc_EntryCar' verdict 'pass'
                    control part verdict 'pass'
28/08/14 at 22:20 : module 'Testbench_EntryNOutCarSystem' testcase 'tc_EntryCar' verdict 'pass'
                    control part verdict 'pass'
28/08/14 at 22:20 : module 'Testbench_EntryNOutCarSystem' testcase 'tc_EntryCar' verdict 'pass'
                    control part verdict 'pass'
28/08/14 at 22:20 : module 'Testbench_EntryNOutCarSystem' testcase 'tc_EntryCar' verdict 'pass'
                    control part verdict 'pass'
28/08/14 at 22:20 : module 'Testbench_EntryNOutCarSystem' testcase 'tc_EntryCar' verdict 'pass'
                    control part verdict 'pass'
28/08/14 at 22:20 : module 'Testbench_EntryNOutCarSystem' testcase 'tc_EntryCar' verdict 'pass'
                    control part verdict 'pass'
28/08/14 at 22:20 : module 'Testbench_EntryNOutCarSystem' testcase 'tc_EntryCar' verdict 'pass'
                    control part verdict 'pass'
28/08/14 at 22:20 : module 'Testbench_EntryNOutCarSystem' testcase 'tc_EntryCar' verdict 'pass'
                    control part verdict 'pass'
28/08/14 at 22:20 : module 'Testbench_EntryNOutCarSystem' testcase 'tc_EntryCar' verdict 'pass'
                    control part verdict 'pass'
28/08/14 at 22:20 : module 'Testbench_EntryNOutCarSystem' testcase 'tc_EntryCar' verdict 'pass'
                    control part verdict 'pass'
28/08/14 at 22:20 : module 'Testbench_EntryNOutCarSystem' testcase 'tc_EntryCar' verdict 'pass'
                    control part verdict 'pass'
28/08/14 at 22:20 : module 'Testbench_EntryNOutCarSystem' testcase 'tc_EntryCar' verdict 'pass'
                    control part verdict 'pass'
28/08/14 at 22:20 : module 'Testbench_EntryNOutCarSystem' testcase 'tc_EntryCar' verdict 'pass'
                    control part verdict 'pass'
28/08/14 at 22:20 : module 'Testbench_EntryNOutCarSystem' testcase 'tc_EntryCar' verdict 'pass'
                    control part verdict 'pass'
28/08/14 at 22:20 : module 'Testbench_EntryNOutCarSystem' testcase 'tc_EntryCar' verdict 'pass'
                    control part verdict 'pass'
28/08/14 at 22:20 : module 'Testbench_EntryNOutCarSystem' testcase 'tc_EntryCar' verdict 'pass'
                    control part verdict 'pass'
28/08/14 at 22:20 : module 'Testbench_EntryNOutCarSystem' testcase 'tc_EntryCar' verdict 'pass'
                    control part verdict 'pass'
28/08/14 at 22:20 : module 'Testbench_EntryNOutCarSystem' testcase 'tc_EntryCar' verdict 'pass'
                    control part verdict 'pass'
28/08/14 at 22:20 : module 'Testbench_EntryNOutCarSystem' testcase 'tc_EntryCar' verdict 'pass'
                    control part verdict 'pass'
28/08/14 at 22:20 : module 'Testbench_EntryNOutCarSystem' testcase 'tc_EntryCar' verdict 'pass'
                    control part verdict 'pass'
28/08/14 at 22:20 : module 'Testbench_EntryNOutCarSystem' testcase 'tc_EntryCar' verdict 'pass'
                    control part verdict 'pass'
28/08/14 at 22:20 : module 'Testbench_EntryNOutCarSystem' testcase 'tc_EntryCar' verdict 'pass'
                    control part verdict 'pass'
28/08/14 at 22:20 : module 'Testbench_EntryNOutCarSystem' testcase 'tc_EntryCar' verdict 'pass'
                    control part verdict 'pass'
28/08/14 at 22:20 : module 'Testbench_EntryNOutCarSystem' testcase 'tc_EntryCar' verdict 'pass'
                    control part verdict 'pass'
28/08/14 at 22:20 : module 'Testbench_EntryNOutCarSystem' testcase 'tc_EntryCar' verdict 'pass'
                    control part verdict 'pass'
28/08/14 at 22:20 : module 'Testbench_EntryNOutCarSystem' testcase 'tc_EntryCar' verdict 'pass'
                    control part verdict 'pass'
28/08/14 at 22:20 : module 'Testbench_EntryNOutCarSystem' testcase 'tc_EntryCar' verdict 'pass'
                    control part verdict 'pass'
28/08/14 at 22:20 : module 'Testbench_EntryNOutCarSystem' testcase 'tc_EntryCar' verdict 'pass'
                    control part verdict 'pass'
28/08/14 at 22:20 : module 'Testbench_EntryNOutCarSystem' testcase 'tc_EntryCar' verdict 'pass'
                    control part verdict 'pass'
28/08/14 at 22:20 : module 'Testbench_EntryNOutCarSystem' testcase 'tc_EntryCar' verdict 'pass'
                    control part verdict 'pass'
28/08/14 at 22:20 : module 'Testbench_EntryNOutCarSystem' testcase 'tc_EntryCar' verdict 'pass'
                    control part verdict 'pass'
28/08/14 at 22:20 : module 'Testbench_EntryNOutCarSystem' testcase 'tc_EntryCar' verdict 'pass'
                    control part verdict 'pass'
28/08/14 at 22:20 : module 'Testbench_EntryNOutCarSystem' testcase 'tc_EntryCar' verdict 'pass'
                    control part verdict 'pass'
28/08/14 at 22:20 : module 'Testbench_EntryNOutCarSystem' testcase 'tc_EntryCar' verdict 'pass'
                    control part verdict 'pass'
28/08/14 at 22:20 : module 'Testbench_EntryNOutCarSystem' testcase 'tc_EntryCar' verdict 'pass'
                    control part verdict 'pass'
28/08/14 at 22:20 : module 'Testbench_EntryNOutCarSystem' testcase 'tc_EntryCar' verdict 'pass'
                    control part verdict 'pass'
28/08/14 at 22:20 : module 'Testbench_EntryNOutCarSystem' testcase 'tc_EntryCar' verdict 'pass'
                    control part verdict 'pass'
28/08/14 at 22:20 : module 'Testbench_EntryNOutCarSystem' testcase 'tc_OutCar' verdict 'pass'
                    control part verdict 'pass'
28/08/14 at 22:20 : module 'Testbench_EntryNOutCarSystem' testcase 'tc_OutCar' verdict 'pass'
                    control part verdict 'pass'
28/08/14 at 22:20 : module 'Testbench_EntryNOutCarSystem' testcase 'tc_OutCar' verdict 'pass'
                    control part verdict 'pass'
28/08/14 at 22:20 : module 'Testbench_EntryNOutCarSystem' testcase 'tc_OutCar' verdict 'pass'
                    control part verdict 'pass'
28/08/14 at 22:20 : module 'Testbench_EntryNOutCarSystem' testcase 'tc_OutCar' verdict 'pass'
                    control part verdict 'pass'
28/08/14 at 22:20 : module 'Testbench_EntryNOutCarSystem' testcase 'tc_OutCar' verdict 'pass'
                    control part verdict 'pass'
28/08/14 at 22:20 : module 'Testbench_EntryNOutCarSystem' testcase 'tc_OutCar' verdict 'pass'
                    control part verdict 'pass'
28/08/14 at 22:20 : module 'Testbench_EntryNOutCarSystem' testcase 'tc_VerifyFreeSpots' verdict 'pass'
                    control part verdict 'pass'
28/08/14 at 22:31 : simulation ended
